<?xml version="1.0" encoding="UTF-8"?>
<!-- Generated by org.testng.reporters.JUnitReportReporter -->
<testsuite hostname="LAPTOP-COQFRCSP" failures="0" tests="2" name="frameWork.RealMPro.EcomerceAppl" time="54.842" errors="0" timestamp="2023-04-14T15:54:36 IST" skipped="0">
  <testcase classname="frameWork.RealMPro.EcomerceAppl" name="submitOrder" time="41.919"/>
  <system-out/>
  <testcase classname="frameWork.RealMPro.EcomerceAppl" name="orderCheck" time="12.923"/>
  <system-out/>
</testsuite> <!-- frameWork.RealMPro.EcomerceAppl -->
