<?xml version="1.0" encoding="UTF-8"?>
<!-- Generated by org.testng.reporters.JUnitReportReporter -->
<testsuite hostname="LAPTOP-COQFRCSP" failures="0" tests="2" name="frameWork.RealMPro.EcomerceAppl_Error" time="43.139" errors="0" timestamp="2023-04-14T15:54:36 IST" skipped="0">
  <testcase classname="frameWork.RealMPro.EcomerceAppl_Error" name="chickingProduct" time="25.200"/>
  <system-out/>
  <testcase classname="frameWork.RealMPro.EcomerceAppl_Error" name="submitOrder" time="17.939"/>
  <system-out/>
</testsuite> <!-- frameWork.RealMPro.EcomerceAppl_Error -->
